<?xml version="1.0" encoding="UTF-8"?>
<!-- Generated by org.testng.reporters.JUnitReportReporter -->
<testsuite hostname="NIHANYA" failures="0" tests="1" name="com.projectName.companyName.testcases.SearchGoogle" time="12.269" errors="0" timestamp="2023-10-24T23:25:45 IST" skipped="0">
  <testcase classname="com.projectName.companyName.testcases.SearchGoogle" name="searchGoogle" time="12.269"/>
</testsuite> <!-- com.projectName.companyName.testcases.SearchGoogle -->
