<?xml version="1.0" encoding="UTF-8"?>
<!-- Generated by org.testng.reporters.JUnitReportReporter -->
<testsuite hostname="NIHANYA" failures="0" tests="1" name="com.projectName.companyName.testcases.ActiveMembersLoginTest" time="12.213" errors="0" timestamp="2023-09-27T16:53:03 IST" skipped="0">
  <testcase classname="com.projectName.companyName.testcases.ActiveMembersLoginTest" name="loginTest" time="12.213"/>
</testsuite> <!-- com.projectName.companyName.testcases.ActiveMembersLoginTest -->
