<?xml version="1.0" encoding="UTF-8"?>
<!-- Generated by org.testng.reporters.JUnitReportReporter -->
<testsuite hostname="NIHANYA" failures="0" tests="1" name="com.projectName.companyName.testcases.TC001" time="19.398" errors="0" timestamp="2023-10-24T23:11:00 IST" skipped="0">
  <testcase classname="com.projectName.companyName.testcases.TC001" name="searchGoogle" time="19.398"/>
</testsuite> <!-- com.projectName.companyName.testcases.TC001 -->
