<?xml version="1.0" encoding="UTF-8"?>
<!-- Generated by org.testng.reporters.JUnitReportReporter -->
<testsuite hostname="NIHANYA" failures="0" tests="1" name="com.projectName.companyName.testcases.ActiveMembersLoginTest" time="8.074" errors="0" timestamp="2023-10-06T21:06:35 IST" skipped="0">
  <testcase classname="com.projectName.companyName.testcases.ActiveMembersLoginTest" name="loginTest" time="8.074"/>
</testsuite> <!-- com.projectName.companyName.testcases.ActiveMembersLoginTest -->
